<?xml version="1.0" encoding="UTF-8"?>
<testsuite name="GoogleTest" tests="1" skipped="0" failures="0" errors="0" timestamp="2020-05-20T12:37:35" hostname="LVL2003002.lohika.com" time="7.358">
  <properties/>
  <testcase name="searchGoogleForAgency04" classname="GoogleTest" time="7.358"/>
  <system-out><![CDATA[15:37:35.433 [Test worker] DEBUG io.github.bonigarcia.wdm.Preferences - Preference found chrome81=81.0.4044.138 (valid until 2020-05-20 16:09:08)
15:37:35.437 [Test worker] INFO io.github.bonigarcia.wdm.WebDriverManager - Using chromedriver 81.0.4044.138 (since Google Chrome 81 is installed in your machine)
15:37:35.445 [Test worker] DEBUG io.github.bonigarcia.wdm.WebDriverManager - Driver chromedriver 81.0.4044.138 found in cache
15:37:35.446 [Test worker] INFO io.github.bonigarcia.wdm.WebDriverManager - Exporting webdriver.chrome.driver as /Users/nadiiadorozhynska/.m2/repository/webdriver/chromedriver/mac64/81.0.4044.138/chromedriver
]]></system-out>
  <system-err><![CDATA[Starting ChromeDriver 81.0.4044.138 (8c6c7ba89cc9453625af54f11fd83179e23450fa-refs/branch-heads/4044@{#999}) on port 7515
Only local connections are allowed.
Please protect ports used by ChromeDriver and related test frameworks to prevent access by malicious code.
May 20, 2020 3:37:36 PM org.openqa.selenium.remote.ProtocolHandshake createSession
INFO: Detected dialect: W3C
[1589978257.321][SEVERE]: Timed out receiving message from renderer: 0.100
[1589978257.504][SEVERE]: Timed out receiving message from renderer: 0.100
[1589978257.606][SEVERE]: Timed out receiving message from renderer: 0.100
[1589978257.753][SEVERE]: Timed out receiving message from renderer: 0.100
[1589978257.943][SEVERE]: Timed out receiving message from renderer: 0.100
[1589978258.045][SEVERE]: Timed out receiving message from renderer: 0.100
[1589978258.147][SEVERE]: Timed out receiving message from renderer: 0.100
[1589978258.249][SEVERE]: Timed out receiving message from renderer: 0.100
[1589978258.351][SEVERE]: Timed out receiving message from renderer: 0.100
[1589978258.453][SEVERE]: Timed out receiving message from renderer: 0.100
[1589978258.555][SEVERE]: Timed out receiving message from renderer: 0.100
[1589978258.657][SEVERE]: Timed out receiving message from renderer: 0.100
[1589978258.759][SEVERE]: Timed out receiving message from renderer: 0.100
[1589978258.927][SEVERE]: Timed out receiving message from renderer: 0.100
[1589978259.029][SEVERE]: Timed out receiving message from renderer: 0.100
[1589978259.131][SEVERE]: Timed out receiving message from renderer: 0.100
[1589978259.233][SEVERE]: Timed out receiving message from renderer: 0.100
[1589978259.335][SEVERE]: Timed out receiving message from renderer: 0.100
[1589978259.438][SEVERE]: Timed out receiving message from renderer: 0.100
[1589978259.539][SEVERE]: Timed out receiving message from renderer: 0.100
[1589978259.641][SEVERE]: Timed out receiving message from renderer: 0.100
[1589978259.743][SEVERE]: Timed out receiving message from renderer: 0.100
[1589978259.844][SEVERE]: Timed out receiving message from renderer: 0.100
[1589978259.946][SEVERE]: Timed out receiving message from renderer: 0.100
[1589978260.047][SEVERE]: Timed out receiving message from renderer: 0.100
[1589978260.148][SEVERE]: Timed out receiving message from renderer: 0.100
[1589978260.251][SEVERE]: Timed out receiving message from renderer: 0.100
[1589978260.352][SEVERE]: Timed out receiving message from renderer: 0.100
[1589978260.454][SEVERE]: Timed out receiving message from renderer: 0.100
[1589978260.556][SEVERE]: Timed out receiving message from renderer: 0.100
[1589978260.658][SEVERE]: Timed out receiving message from renderer: 0.100
[1589978260.760][SEVERE]: Timed out receiving message from renderer: 0.100
[1589978260.862][SEVERE]: Timed out receiving message from renderer: 0.100
[1589978260.964][SEVERE]: Timed out receiving message from renderer: 0.100
[1589978261.066][SEVERE]: Timed out receiving message from renderer: 0.100
[1589978261.167][SEVERE]: Timed out receiving message from renderer: 0.100
[1589978261.268][SEVERE]: Timed out receiving message from renderer: 0.100
[1589978261.370][SEVERE]: Timed out receiving message from renderer: 0.100
[1589978261.472][SEVERE]: Timed out receiving message from renderer: 0.100
[1589978261.574][SEVERE]: Timed out receiving message from renderer: 0.100
[1589978261.676][SEVERE]: Timed out receiving message from renderer: 0.100
[1589978262.202][SEVERE]: Timed out receiving message from renderer: 0.100
[1589978262.302][SEVERE]: Timed out receiving message from renderer: 0.100
[1589978262.404][SEVERE]: Timed out receiving message from renderer: 0.100
[1589978262.568][SEVERE]: Timed out receiving message from renderer: 0.100
[1589978262.669][SEVERE]: Timed out receiving message from renderer: 0.100
]]></system-err>
</testsuite>
